  imgui.cpp
  imgui_demo.cpp
  imgui_draw.cpp
  imgui_widgets.cpp
  main.cc
  init.c
  monitor.c
  context.c
  vulkan.c
  window.c
  input.c
  wgl_context.c
  egl_context.c
C:\Projects\Engine\src\GLFW\context.c(377,1): warning C4996: 'sscanf': This function or variable may be unsafe. Consider using sscanf_s instead. To disable deprecation, use _CRT_SECURE_NO_WARNINGS. See online help for details.
C:\Projects\Engine\src\GLFW\context.c(377,1): warning C4996:     if (!sscanf(version, "%d.%d.%d",
C:\Projects\Engine\src\GLFW\context.c(377,1): warning C4996: ^
  win32_init.c
  win32_joystick.c
  win32_monitor.c
  win32_tls.c
  win32_time.c
  win32_window.c
C:\Program Files (x86)\Windows Kits\10\Include\10.0.18362.0\ucrt\stdio.h(2263): message : see declaration of 'sscanf'
C:\Program Files (x86)\Windows Kits\10\Include\10.0.18362.0\ucrt\stdio.h(2263): message :     _CRT_STDIO_INLINE int __CRTDECL sscanf(
C:\Projects\Engine\src\GLFW\win32_monitor.c(68,1): warning C4996: 'wcscpy': This function or variable may be unsafe. Consider using wcscpy_s instead. To disable deprecation, use _CRT_SECURE_NO_WARNINGS. See online help for details.
C:\Projects\Engine\src\GLFW\win32_monitor.c(68,1): warning C4996:     wcscpy(monitor->win32.adapterName, adapter->DeviceName);
C:\Projects\Engine\src\GLFW\win32_monitor.c(68,1): warning C4996: ^
C:\Program Files (x86)\Windows Kits\10\Include\10.0.18362.0\ucrt\corecrt_wstring.h(123): message : see declaration of 'wcscpy'
C:\Program Files (x86)\Windows Kits\10\Include\10.0.18362.0\ucrt\corecrt_wstring.h(123): message : __DEFINE_CPP_OVERLOAD_STANDARD_FUNC_0_1(
C:\Projects\Engine\src\GLFW\win32_monitor.c(77,1): warning C4996: 'wcscpy': This function or variable may be unsafe. Consider using wcscpy_s instead. To disable deprecation, use _CRT_SECURE_NO_WARNINGS. See online help for details.
C:\Projects\Engine\src\GLFW\win32_monitor.c(77,1): warning C4996:         wcscpy(monitor->win32.displayName, display->DeviceName);
C:\Projects\Engine\src\GLFW\win32_monitor.c(77,1): warning C4996: ^
C:\Program Files (x86)\Windows Kits\10\Include\10.0.18362.0\ucrt\corecrt_wstring.h(123): message : see declaration of 'wcscpy'
C:\Program Files (x86)\Windows Kits\10\Include\10.0.18362.0\ucrt\corecrt_wstring.h(123): message : __DEFINE_CPP_OVERLOAD_STANDARD_FUNC_0_1(
  project0.vcxproj -> C:\Projects\Engine\build\.\project0.exe
